<?xml version="1.0" encoding="UTF-8"?>
<!-- Generated by org.testng.reporters.JUnitReportReporter -->
<testsuite skipped="0" hostname="ALPLINC1" name="PostReqAssignment1.Rest_soapreq01" tests="1" failures="0" timestamp="10 May 2021 12:03:51 GMT" time="11.512" errors="0">
  <testcase name="soapreq1" time="11.512" classname="PostReqAssignment1.Rest_soapreq01"/>
</testsuite> <!-- PostReqAssignment1.Rest_soapreq01 -->
